<?xml version="1.0" encoding="UTF-8"?>
<!-- Generated by org.testng.reporters.JUnitReportReporter -->
<testsuite hostname="NITRO" failures="0" tests="1" name="webappliction.VerifyingElements" time="183.181" errors="0" timestamp="2023-04-20T17:08:41 IST" skipped="0">
  <testcase classname="webappliction.VerifyingElements" name="verifyingelement" time="183.181"/>
  <system-out/>
</testsuite> <!-- webappliction.VerifyingElements -->
